<?xml version="1.0" encoding="UTF-8"?>
<coverage generated="1637736761318" clover="3.2.0">
  <project timestamp="1637736761318" name="All files">
    <metrics statements="59" coveredstatements="46" conditionals="28" coveredconditionals="19" methods="15" coveredmethods="14" elements="102" coveredelements="79" complexity="0" loc="59" ncloc="59" packages="3" files="3" classes="3"/>
    <package name="src">
      <metrics statements="3" coveredstatements="3" conditionals="0" coveredconditionals="0" methods="0" coveredmethods="0"/>
      <file name="config.js" path="C:\Users\sts_22051995\v1\src\config.js">
        <metrics statements="3" coveredstatements="3" conditionals="0" coveredconditionals="0" methods="0" coveredmethods="0"/>
        <line num="2" count="1" type="stmt"/>
        <line num="3" count="1" type="stmt"/>
        <line num="5" count="1" type="stmt"/>
      </file>
    </package>
    <package name="src.components.Ticket">
      <metrics statements="13" coveredstatements="13" conditionals="10" coveredconditionals="10" methods="3" coveredmethods="3"/>
      <file name="Ticket.js" path="C:\Users\sts_22051995\v1\src\components\Ticket\Ticket.js">
        <metrics statements="13" coveredstatements="13" conditionals="10" coveredconditionals="10" methods="3" coveredmethods="3"/>
        <line num="10" count="10" type="cond" truecount="2" falsecount="0"/>
        <line num="11" count="10" type="cond" truecount="2" falsecount="0"/>
        <line num="12" count="10" type="cond" truecount="2" falsecount="0"/>
        <line num="13" count="10" type="cond" truecount="2" falsecount="0"/>
        <line num="14" count="10" type="cond" truecount="2" falsecount="0"/>
        <line num="23" count="1" type="stmt"/>
        <line num="24" count="1" type="stmt"/>
        <line num="25" count="1" type="stmt"/>
        <line num="26" count="1" type="stmt"/>
        <line num="28" count="1" type="stmt"/>
        <line num="30" count="1" type="stmt"/>
        <line num="39" count="1" type="stmt"/>
        <line num="53" count="2" type="stmt"/>
      </file>
    </package>
    <package name="src.components.TicketFetcher">
      <metrics statements="43" coveredstatements="30" conditionals="18" coveredconditionals="9" methods="12" coveredmethods="11"/>
      <file name="TicketFetcher.js" path="C:\Users\sts_22051995\v1\src\components\TicketFetcher\TicketFetcher.js">
        <metrics statements="43" coveredstatements="30" conditionals="18" coveredconditionals="9" methods="12" coveredmethods="11"/>
        <line num="2" count="1" type="stmt"/>
        <line num="3" count="1" type="stmt"/>
        <line num="4" count="1" type="stmt"/>
        <line num="5" count="1" type="stmt"/>
        <line num="7" count="1" type="cond" truecount="1" falsecount="1"/>
        <line num="16" count="10" type="stmt"/>
        <line num="17" count="10" type="stmt"/>
        <line num="18" count="10" type="stmt"/>
        <line num="27" count="2" type="stmt"/>
        <line num="28" count="2" type="stmt"/>
        <line num="29" count="2" type="stmt"/>
        <line num="30" count="2" type="stmt"/>
        <line num="31" count="2" type="cond" truecount="1" falsecount="1"/>
        <line num="32" count="2" type="stmt"/>
        <line num="33" count="2" type="cond" truecount="1" falsecount="1"/>
        <line num="34" count="0" type="stmt"/>
        <line num="35" count="0" type="stmt"/>
        <line num="36" count="0" type="stmt"/>
        <line num="37" count="0" type="stmt"/>
        <line num="38" count="0" type="cond" truecount="0" falsecount="2"/>
        <line num="39" count="0" type="stmt"/>
        <line num="40" count="0" type="stmt"/>
        <line num="41" count="0" type="stmt"/>
        <line num="42" count="0" type="stmt"/>
        <line num="43" count="2" type="stmt"/>
        <line num="55" count="4" type="stmt"/>
        <line num="56" count="4" type="stmt"/>
        <line num="57" count="4" type="cond" truecount="1" falsecount="1"/>
        <line num="66" count="6" type="stmt"/>
        <line num="68" count="0" type="stmt"/>
        <line num="69" count="6" type="stmt"/>
        <line num="78" count="7" type="cond" truecount="1" falsecount="1"/>
        <line num="79" count="7" type="stmt"/>
        <line num="80" count="7" type="cond" truecount="2" falsecount="2"/>
        <line num="82" count="6" type="stmt"/>
        <line num="84" count="0" type="stmt"/>
        <line num="86" count="0" type="stmt"/>
        <line num="88" count="1" type="stmt"/>
        <line num="91" count="0" type="stmt"/>
        <line num="100" count="2" type="cond" truecount="2" falsecount="0"/>
        <line num="112" count="1" type="stmt"/>
        <line num="113" count="3" type="stmt"/>
        <line num="118" count="1" type="stmt"/>
      </file>
    </package>
  </project>
</coverage>
