{"C:\\Users\\sts_22051995\\v1\\src\\config.js": {"path":"C:\\Users\\sts_22051995\\v1\\src\\config.js","statementMap":{"0":{"start":{"line":2,"column":15},"end":{"line":2,"column":32}},"1":{"start":{"line":3,"column":0},"end":{"line":3,"column":15}},"2":{"start":{"line":5,"column":0},"end":{"line":11,"column":1}}},"fnMap":{},"branchMap":{},"s":{"0":1,"1":1,"2":1},"f":{},"b":{},"_coverageSchema":"43e27e138ebf9cfc5966b082cf9a028302ed4184","hash":"de42c0cfe06e851fc83a872cf990930d6ce7d950"}
,"C:\\Users\\sts_22051995\\v1\\src\\components\\Ticket\\Ticket.js": {"path":"C:\\Users\\sts_22051995\\v1\\src\\components\\Ticket\\Ticket.js","statementMap":{"0":{"start":{"line":10,"column":4},"end":{"line":10,"column":53}},"1":{"start":{"line":11,"column":4},"end":{"line":11,"column":28}},"2":{"start":{"line":12,"column":4},"end":{"line":12,"column":43}},"3":{"start":{"line":13,"column":4},"end":{"line":13,"column":51}},"4":{"start":{"line":14,"column":4},"end":{"line":14,"column":47}},"5":{"start":{"line":23,"column":15},"end":{"line":23,"column":34}},"6":{"start":{"line":24,"column":23},"end":{"line":24,"column":52}},"7":{"start":{"line":25,"column":20},"end":{"line":25,"column":63}},"8":{"start":{"line":26,"column":27},"end":{"line":26,"column":51}},"9":{"start":{"line":28,"column":6},"end":{"line":28,"column":78}},"10":{"start":{"line":30,"column":4},"end":{"line":30,"column":52}},"11":{"start":{"line":39,"column":4},"end":{"line":49,"column":5}},"12":{"start":{"line":53,"column":0},"end":{"line":53,"column":23}}},"fnMap":{"0":{"name":"(anonymous_0)","decl":{"start":{"line":9,"column":2},"end":{"line":9,"column":3}},"loc":{"start":{"line":9,"column":22},"end":{"line":15,"column":3}},"line":9},"1":{"name":"(anonymous_1)","decl":{"start":{"line":22,"column":2},"end":{"line":22,"column":3}},"loc":{"start":{"line":22,"column":22},"end":{"line":31,"column":3}},"line":22},"2":{"name":"(anonymous_2)","decl":{"start":{"line":38,"column":2},"end":{"line":38,"column":3}},"loc":{"start":{"line":38,"column":18},"end":{"line":50,"column":3}},"line":38}},"branchMap":{"0":{"loc":{"start":{"line":10,"column":13},"end":{"line":10,"column":53}},"type":"cond-expr","locations":[{"start":{"line":10,"column":42},"end":{"line":10,"column":48}},{"start":{"line":10,"column":51},"end":{"line":10,"column":53}}],"line":10},"1":{"loc":{"start":{"line":11,"column":14},"end":{"line":11,"column":28}},"type":"binary-expr","locations":[{"start":{"line":11,"column":14},"end":{"line":11,"column":23}},{"start":{"line":11,"column":27},"end":{"line":11,"column":28}}],"line":11},"2":{"loc":{"start":{"line":12,"column":19},"end":{"line":12,"column":43}},"type":"binary-expr","locations":[{"start":{"line":12,"column":19},"end":{"line":12,"column":33}},{"start":{"line":12,"column":37},"end":{"line":12,"column":43}}],"line":12},"3":{"loc":{"start":{"line":13,"column":23},"end":{"line":13,"column":51}},"type":"binary-expr","locations":[{"start":{"line":13,"column":23},"end":{"line":13,"column":41}},{"start":{"line":13,"column":45},"end":{"line":13,"column":51}}],"line":13},"4":{"loc":{"start":{"line":14,"column":23},"end":{"line":14,"column":47}},"type":"binary-expr","locations":[{"start":{"line":14,"column":23},"end":{"line":14,"column":42}},{"start":{"line":14,"column":46},"end":{"line":14,"column":47}}],"line":14}},"s":{"0":10,"1":10,"2":10,"3":10,"4":10,"5":1,"6":1,"7":1,"8":1,"9":1,"10":1,"11":1,"12":2},"f":{"0":10,"1":1,"2":1},"b":{"0":[5,5],"1":[10,9],"2":[10,9],"3":[10,9],"4":[10,9]},"_coverageSchema":"43e27e138ebf9cfc5966b082cf9a028302ed4184","hash":"ae932665ed88504671d79584879e56c31392152d"}
,"C:\\Users\\sts_22051995\\v1\\src\\components\\TicketFetcher\\TicketFetcher.js": {"path":"C:\\Users\\sts_22051995\\v1\\src\\components\\TicketFetcher\\TicketFetcher.js","statementMap":{"0":{"start":{"line":2,"column":14},"end":{"line":2,"column":35}},"1":{"start":{"line":3,"column":21},"end":{"line":3,"column":45}},"2":{"start":{"line":4,"column":15},"end":{"line":4,"column":42}},"3":{"start":{"line":5,"column":16},"end":{"line":5,"column":34}},"4":{"start":{"line":7,"column":0},"end":{"line":7,"column":74}},"5":{"start":{"line":16,"column":4},"end":{"line":16,"column":37}},"6":{"start":{"line":17,"column":4},"end":{"line":17,"column":59}},"7":{"start":{"line":18,"column":4},"end":{"line":18,"column":41}},"8":{"start":{"line":27,"column":20},"end":{"line":27,"column":22}},"9":{"start":{"line":28,"column":14},"end":{"line":28,"column":84}},"10":{"start":{"line":29,"column":15},"end":{"line":29,"column":16}},"11":{"start":{"line":30,"column":4},"end":{"line":45,"column":5}},"12":{"start":{"line":31,"column":6},"end":{"line":44,"column":7}},"13":{"start":{"line":32,"column":26},"end":{"line":32,"column":54}},"14":{"start":{"line":33,"column":8},"end":{"line":43,"column":26}},"15":{"start":{"line":34,"column":23},"end":{"line":34,"column":62}},"16":{"start":{"line":35,"column":10},"end":{"line":35,"column":37}},"17":{"start":{"line":36,"column":10},"end":{"line":36,"column":49}},"18":{"start":{"line":37,"column":10},"end":{"line":37,"column":54}},"19":{"start":{"line":38,"column":10},"end":{"line":38,"column":65}},"20":{"start":{"line":39,"column":10},"end":{"line":39,"column":42}},"21":{"start":{"line":40,"column":10},"end":{"line":40,"column":34}},"22":{"start":{"line":41,"column":10},"end":{"line":41,"column":28}},"23":{"start":{"line":42,"column":10},"end":{"line":42,"column":23}},"24":{"start":{"line":43,"column":15},"end":{"line":43,"column":26}},"25":{"start":{"line":55,"column":14},"end":{"line":55,"column":76}},"26":{"start":{"line":56,"column":22},"end":{"line":56,"column":50}},"27":{"start":{"line":57,"column":4},"end":{"line":57,"column":62}},"28":{"start":{"line":66,"column":4},"end":{"line":69,"column":41}},"29":{"start":{"line":68,"column":24},"end":{"line":68,"column":39}},"30":{"start":{"line":69,"column":22},"end":{"line":69,"column":40}},"31":{"start":{"line":78,"column":4},"end":{"line":90,"column":5}},"32":{"start":{"line":79,"column":6},"end":{"line":79,"column":48}},"33":{"start":{"line":80,"column":6},"end":{"line":89,"column":7}},"34":{"start":{"line":82,"column":10},"end":{"line":82,"column":74}},"35":{"start":{"line":84,"column":10},"end":{"line":84,"column":65}},"36":{"start":{"line":86,"column":10},"end":{"line":86,"column":66}},"37":{"start":{"line":88,"column":10},"end":{"line":88,"column":47}},"38":{"start":{"line":91,"column":4},"end":{"line":91,"column":19}},"39":{"start":{"line":100,"column":4},"end":{"line":102,"column":10}},"40":{"start":{"line":112,"column":4},"end":{"line":114,"column":6}},"41":{"start":{"line":113,"column":6},"end":{"line":113,"column":37}},"42":{"start":{"line":118,"column":0},"end":{"line":118,"column":34}}},"fnMap":{"0":{"name":"(anonymous_0)","decl":{"start":{"line":7,"column":61},"end":{"line":7,"column":62}},"loc":{"start":{"line":7,"column":72},"end":{"line":7,"column":74}},"line":7},"1":{"name":"(anonymous_1)","decl":{"start":{"line":15,"column":2},"end":{"line":15,"column":3}},"loc":{"start":{"line":15,"column":21},"end":{"line":19,"column":3}},"line":15},"2":{"name":"(anonymous_2)","decl":{"start":{"line":26,"column":2},"end":{"line":26,"column":3}},"loc":{"start":{"line":26,"column":26},"end":{"line":46,"column":3}},"line":26},"3":{"name":"(anonymous_3)","decl":{"start":{"line":30,"column":11},"end":{"line":30,"column":12}},"loc":{"start":{"line":30,"column":23},"end":{"line":45,"column":5}},"line":30},"4":{"name":"(anonymous_4)","decl":{"start":{"line":54,"column":2},"end":{"line":54,"column":3}},"loc":{"start":{"line":54,"column":34},"end":{"line":58,"column":3}},"line":54},"5":{"name":"(anonymous_5)","decl":{"start":{"line":65,"column":2},"end":{"line":65,"column":3}},"loc":{"start":{"line":65,"column":26},"end":{"line":70,"column":3}},"line":65},"6":{"name":"(anonymous_6)","decl":{"start":{"line":68,"column":12},"end":{"line":68,"column":13}},"loc":{"start":{"line":68,"column":24},"end":{"line":68,"column":39}},"line":68},"7":{"name":"(anonymous_7)","decl":{"start":{"line":69,"column":13},"end":{"line":69,"column":14}},"loc":{"start":{"line":69,"column":22},"end":{"line":69,"column":40}},"line":69},"8":{"name":"(anonymous_8)","decl":{"start":{"line":77,"column":2},"end":{"line":77,"column":3}},"loc":{"start":{"line":77,"column":26},"end":{"line":92,"column":3}},"line":77},"9":{"name":"(anonymous_9)","decl":{"start":{"line":99,"column":2},"end":{"line":99,"column":3}},"loc":{"start":{"line":99,"column":28},"end":{"line":103,"column":3}},"line":99},"10":{"name":"(anonymous_10)","decl":{"start":{"line":111,"column":2},"end":{"line":111,"column":3}},"loc":{"start":{"line":111,"column":29},"end":{"line":115,"column":3}},"line":111},"11":{"name":"(anonymous_11)","decl":{"start":{"line":112,"column":27},"end":{"line":112,"column":28}},"loc":{"start":{"line":112,"column":43},"end":{"line":114,"column":5}},"line":112}},"branchMap":{"0":{"loc":{"start":{"line":7,"column":14},"end":{"line":7,"column":74}},"type":"cond-expr","locations":[{"start":{"line":7,"column":47},"end":{"line":7,"column":58}},{"start":{"line":7,"column":61},"end":{"line":7,"column":74}}],"line":7},"1":{"loc":{"start":{"line":31,"column":6},"end":{"line":44,"column":7}},"type":"if","locations":[{"start":{"line":31,"column":6},"end":{"line":44,"column":7}},{"start":{"line":31,"column":6},"end":{"line":44,"column":7}}],"line":31},"2":{"loc":{"start":{"line":33,"column":8},"end":{"line":43,"column":26}},"type":"if","locations":[{"start":{"line":33,"column":8},"end":{"line":43,"column":26}},{"start":{"line":33,"column":8},"end":{"line":43,"column":26}}],"line":33},"3":{"loc":{"start":{"line":38,"column":24},"end":{"line":38,"column":65}},"type":"cond-expr","locations":[{"start":{"line":38,"column":45},"end":{"line":38,"column":51}},{"start":{"line":38,"column":54},"end":{"line":38,"column":65}}],"line":38},"4":{"loc":{"start":{"line":57,"column":11},"end":{"line":57,"column":62}},"type":"cond-expr","locations":[{"start":{"line":57,"column":25},"end":{"line":57,"column":55}},{"start":{"line":57,"column":58},"end":{"line":57,"column":62}}],"line":57},"5":{"loc":{"start":{"line":78,"column":4},"end":{"line":90,"column":5}},"type":"if","locations":[{"start":{"line":78,"column":4},"end":{"line":90,"column":5}},{"start":{"line":78,"column":4},"end":{"line":90,"column":5}}],"line":78},"6":{"loc":{"start":{"line":80,"column":6},"end":{"line":89,"column":7}},"type":"switch","locations":[{"start":{"line":81,"column":8},"end":{"line":82,"column":74}},{"start":{"line":83,"column":8},"end":{"line":84,"column":65}},{"start":{"line":85,"column":8},"end":{"line":86,"column":66}},{"start":{"line":87,"column":8},"end":{"line":88,"column":47}}],"line":80},"7":{"loc":{"start":{"line":100,"column":11},"end":{"line":102,"column":10}},"type":"cond-expr","locations":[{"start":{"line":101,"column":8},"end":{"line":101,"column":59}},{"start":{"line":102,"column":8},"end":{"line":102,"column":10}}],"line":100}},"s":{"0":1,"1":1,"2":1,"3":1,"4":1,"5":10,"6":10,"7":10,"8":2,"9":2,"10":2,"11":2,"12":2,"13":2,"14":2,"15":0,"16":0,"17":0,"18":0,"19":0,"20":0,"21":0,"22":0,"23":0,"24":2,"25":4,"26":4,"27":4,"28":6,"29":0,"30":6,"31":7,"32":7,"33":7,"34":6,"35":0,"36":0,"37":1,"38":0,"39":2,"40":1,"41":3,"42":1},"f":{"0":13,"1":10,"2":2,"3":2,"4":4,"5":6,"6":0,"7":6,"8":7,"9":2,"10":1,"11":3},"b":{"0":[0,1],"1":[2,0],"2":[0,2],"3":[0,0],"4":[0,4],"5":[7,0],"6":[6,0,0,1],"7":[1,1]},"_coverageSchema":"43e27e138ebf9cfc5966b082cf9a028302ed4184","hash":"0a1d639390db75e15f329363602c04892f737231"}
}
