TN:
SF:C:\Users\sts_22051995\v1\src\config.js
FNF:0
FNH:0
DA:2,1
DA:3,1
DA:5,1
LF:3
LH:3
BRF:0
BRH:0
end_of_record
TN:
SF:C:\Users\sts_22051995\v1\src\components\Ticket\Ticket.js
FN:9,(anonymous_0)
FN:22,(anonymous_1)
FN:38,(anonymous_2)
FNF:3
FNH:3
FNDA:10,(anonymous_0)
FNDA:1,(anonymous_1)
FNDA:1,(anonymous_2)
DA:10,10
DA:11,10
DA:12,10
DA:13,10
DA:14,10
DA:23,1
DA:24,1
DA:25,1
DA:26,1
DA:28,1
DA:30,1
DA:39,1
DA:53,2
LF:13
LH:13
BRDA:10,0,0,5
BRDA:10,0,1,5
BRDA:11,1,0,10
BRDA:11,1,1,9
BRDA:12,2,0,10
BRDA:12,2,1,9
BRDA:13,3,0,10
BRDA:13,3,1,9
BRDA:14,4,0,10
BRDA:14,4,1,9
BRF:10
BRH:10
end_of_record
TN:
SF:C:\Users\sts_22051995\v1\src\components\TicketFetcher\TicketFetcher.js
FN:7,(anonymous_0)
FN:15,(anonymous_1)
FN:26,(anonymous_2)
FN:30,(anonymous_3)
FN:54,(anonymous_4)
FN:65,(anonymous_5)
FN:68,(anonymous_6)
FN:69,(anonymous_7)
FN:77,(anonymous_8)
FN:99,(anonymous_9)
FN:111,(anonymous_10)
FN:112,(anonymous_11)
FNF:12
FNH:11
FNDA:13,(anonymous_0)
FNDA:10,(anonymous_1)
FNDA:2,(anonymous_2)
FNDA:2,(anonymous_3)
FNDA:4,(anonymous_4)
FNDA:6,(anonymous_5)
FNDA:0,(anonymous_6)
FNDA:6,(anonymous_7)
FNDA:7,(anonymous_8)
FNDA:2,(anonymous_9)
FNDA:1,(anonymous_10)
FNDA:3,(anonymous_11)
DA:2,1
DA:3,1
DA:4,1
DA:5,1
DA:7,1
DA:16,10
DA:17,10
DA:18,10
DA:27,2
DA:28,2
DA:29,2
DA:30,2
DA:31,2
DA:32,2
DA:33,2
DA:34,0
DA:35,0
DA:36,0
DA:37,0
DA:38,0
DA:39,0
DA:40,0
DA:41,0
DA:42,0
DA:43,2
DA:55,4
DA:56,4
DA:57,4
DA:66,6
DA:68,0
DA:69,6
DA:78,7
DA:79,7
DA:80,7
DA:82,6
DA:84,0
DA:86,0
DA:88,1
DA:91,0
DA:100,2
DA:112,1
DA:113,3
DA:118,1
LF:43
LH:30
BRDA:7,0,0,0
BRDA:7,0,1,1
BRDA:31,1,0,2
BRDA:31,1,1,0
BRDA:33,2,0,0
BRDA:33,2,1,2
BRDA:38,3,0,0
BRDA:38,3,1,0
BRDA:57,4,0,0
BRDA:57,4,1,4
BRDA:78,5,0,7
BRDA:78,5,1,0
BRDA:80,6,0,6
BRDA:80,6,1,0
BRDA:80,6,2,0
BRDA:80,6,3,1
BRDA:100,7,0,1
BRDA:100,7,1,1
BRF:18
BRH:9
end_of_record
